<?xml version="1.0" encoding="UTF-8"?>
<!-- Generated by org.testng.reporters.JUnitXMLReporter -->
<testsuite ignored="0" hostname="LAPTOP-8MDTO84L" failures="1" tests="1" name="bankingApp Test(failed)" time="8.901" errors="0" timestamp="2024-05-13T11:15:04 IST">
  <testcase classname="com.inetBanking.testCases.TC_LoginTest_001" name="LoginTest" time="2.563">
    <failure type="java.lang.AssertionError">
      <![CDATA[java.lang.AssertionError
at org.junit.Assert.fail(Assert.java:86)
at org.junit.Assert.assertTrue(Assert.java:41)
at org.junit.Assert.assertTrue(Assert.java:52)
at com.inetBanking.testCases.TC_LoginTest_001.LoginTest(TC_LoginTest_001.java:31)
at java.base/java.util.ArrayList.forEach(ArrayList.java:1511)
... Removed 25 stack frames]]>
    </failure>
  </testcase> <!-- LoginTest -->
</testsuite> <!-- bankingApp Test(failed) -->
